Analysis & Synthesis report for map
Wed Mar 18 01:00:16 2026
Quartus Prime Version 25.1std.0 Build 1129 10/21/2025 SC Lite Edition


---------------------
; Table of Contents ;
---------------------
  1. Legal Notice
  2. Analysis & Synthesis Summary
  3. Analysis & Synthesis Settings
  4. Parallel Compilation
  5. Analysis & Synthesis Source Files Read
  6. Analysis & Synthesis Resource Usage Summary
  7. Analysis & Synthesis Resource Utilization by Entity
  8. State Machine - |bus_route|ws_state
  9. Registers Removed During Synthesis
 10. General Register Statistics
 11. Inverted Register Statistics
 12. Multiplexer Restructuring Statistics (Restructuring Performed)
 13. Post-Synthesis Netlist Statistics for Top Partition
 14. Elapsed Time Per Partition
 15. Analysis & Synthesis Messages



----------------
; Legal Notice ;
----------------
Copyright (C) 2025  Altera Corporation. All rights reserved.
Your use of Altera Corporation's design tools, logic functions 
and other software and tools, and any partner logic 
functions, and any output files from any of the foregoing 
(including device programming or simulation files), and any 
associated documentation or information are expressly subject 
to the terms and conditions of the Altera Program License 
Subscription Agreement, the Altera Quartus Prime License Agreement,
the Altera IP License Agreement, or other applicable license
agreement, including, without limitation, that your use is for
the sole purpose of programming logic devices manufactured by
Altera and sold by Altera or its authorized distributors.  Please
refer to the Altera Software License Subscription Agreements 
on the Quartus Prime software download page.



+-----------------------------------------------------------------------------------+
; Analysis & Synthesis Summary                                                      ;
+---------------------------------+-------------------------------------------------+
; Analysis & Synthesis Status     ; Successful - Wed Mar 18 01:00:16 2026           ;
; Quartus Prime Version           ; 25.1std.0 Build 1129 10/21/2025 SC Lite Edition ;
; Revision Name                   ; map                                             ;
; Top-level Entity Name           ; bus_route                                       ;
; Family                          ; Cyclone V                                       ;
; Logic utilization (in ALMs)     ; N/A                                             ;
; Total registers                 ; 197                                             ;
; Total pins                      ; 68                                              ;
; Total virtual pins              ; 0                                               ;
; Total block memory bits         ; 0                                               ;
; Total DSP Blocks                ; 0                                               ;
; Total HSSI RX PCSs              ; 0                                               ;
; Total HSSI PMA RX Deserializers ; 0                                               ;
; Total HSSI TX PCSs              ; 0                                               ;
; Total HSSI PMA TX Serializers   ; 0                                               ;
; Total PLLs                      ; 0                                               ;
; Total DLLs                      ; 0                                               ;
+---------------------------------+-------------------------------------------------+


+---------------------------------------------------------------------------------------------------------------------------+
; Analysis & Synthesis Settings                                                                                             ;
+---------------------------------------------------------------------------------+--------------------+--------------------+
; Option                                                                          ; Setting            ; Default Value      ;
+---------------------------------------------------------------------------------+--------------------+--------------------+
; Device                                                                          ; 5CSEMA5F31C6       ;                    ;
; Top-level entity name                                                           ; bus_route          ; map                ;
; Family name                                                                     ; Cyclone V          ; Cyclone V          ;
; Use smart compilation                                                           ; Off                ; Off                ;
; Enable parallel Assembler and Timing Analyzer during compilation                ; On                 ; On                 ;
; Enable compact report table                                                     ; Off                ; Off                ;
; Restructure Multiplexers                                                        ; Auto               ; Auto               ;
; MLAB Add Timing Constraints For Mixed-Port Feed-Through Mode Setting Don't Care ; Off                ; Off                ;
; Create Debugging Nodes for IP Cores                                             ; Off                ; Off                ;
; Preserve fewer node names                                                       ; On                 ; On                 ;
; Intel FPGA IP Evaluation Mode                                                   ; Enable             ; Enable             ;
; Verilog Version                                                                 ; Verilog_2001       ; Verilog_2001       ;
; VHDL Version                                                                    ; VHDL_1993          ; VHDL_1993          ;
; State Machine Processing                                                        ; Auto               ; Auto               ;
; Safe State Machine                                                              ; Off                ; Off                ;
; Extract Verilog State Machines                                                  ; On                 ; On                 ;
; Extract VHDL State Machines                                                     ; On                 ; On                 ;
; Ignore Verilog initial constructs                                               ; Off                ; Off                ;
; Iteration limit for constant Verilog loops                                      ; 5000               ; 5000               ;
; Iteration limit for non-constant Verilog loops                                  ; 250                ; 250                ;
; Add Pass-Through Logic to Inferred RAMs                                         ; On                 ; On                 ;
; Infer RAMs from Raw Logic                                                       ; On                 ; On                 ;
; Parallel Synthesis                                                              ; On                 ; On                 ;
; DSP Block Balancing                                                             ; Auto               ; Auto               ;
; NOT Gate Push-Back                                                              ; On                 ; On                 ;
; Power-Up Don't Care                                                             ; On                 ; On                 ;
; Remove Redundant Logic Cells                                                    ; Off                ; Off                ;
; Remove Duplicate Registers                                                      ; On                 ; On                 ;
; Ignore CARRY Buffers                                                            ; Off                ; Off                ;
; Ignore CASCADE Buffers                                                          ; Off                ; Off                ;
; Ignore GLOBAL Buffers                                                           ; Off                ; Off                ;
; Ignore ROW GLOBAL Buffers                                                       ; Off                ; Off                ;
; Ignore LCELL Buffers                                                            ; Off                ; Off                ;
; Ignore SOFT Buffers                                                             ; On                 ; On                 ;
; Limit AHDL Integers to 32 Bits                                                  ; Off                ; Off                ;
; Optimization Technique                                                          ; Balanced           ; Balanced           ;
; Carry Chain Length                                                              ; 70                 ; 70                 ;
; Auto Carry Chains                                                               ; On                 ; On                 ;
; Auto Open-Drain Pins                                                            ; On                 ; On                 ;
; Perform WYSIWYG Primitive Resynthesis                                           ; Off                ; Off                ;
; Auto ROM Replacement                                                            ; On                 ; On                 ;
; Auto RAM Replacement                                                            ; On                 ; On                 ;
; Auto DSP Block Replacement                                                      ; On                 ; On                 ;
; Auto Shift Register Replacement                                                 ; Auto               ; Auto               ;
; Allow Shift Register Merging across Hierarchies                                 ; Auto               ; Auto               ;
; Auto Clock Enable Replacement                                                   ; On                 ; On                 ;
; Strict RAM Replacement                                                          ; Off                ; Off                ;
; Allow Synchronous Control Signals                                               ; On                 ; On                 ;
; Force Use of Synchronous Clear Signals                                          ; Off                ; Off                ;
; Auto Resource Sharing                                                           ; Off                ; Off                ;
; Allow Any RAM Size For Recognition                                              ; Off                ; Off                ;
; Allow Any ROM Size For Recognition                                              ; Off                ; Off                ;
; Allow Any Shift Register Size For Recognition                                   ; Off                ; Off                ;
; Use LogicLock Constraints during Resource Balancing                             ; On                 ; On                 ;
; Ignore translate_off and synthesis_off directives                               ; Off                ; Off                ;
; Timing-Driven Synthesis                                                         ; On                 ; On                 ;
; Report Parameter Settings                                                       ; On                 ; On                 ;
; Report Source Assignments                                                       ; On                 ; On                 ;
; Report Connectivity Checks                                                      ; On                 ; On                 ;
; Ignore Maximum Fan-Out Assignments                                              ; Off                ; Off                ;
; Synchronization Register Chain Length                                           ; 3                  ; 3                  ;
; Power Optimization During Synthesis                                             ; Normal compilation ; Normal compilation ;
; HDL message level                                                               ; Level2             ; Level2             ;
; Suppress Register Optimization Related Messages                                 ; Off                ; Off                ;
; Number of Removed Registers Reported in Synthesis Report                        ; 5000               ; 5000               ;
; Number of Swept Nodes Reported in Synthesis Report                              ; 5000               ; 5000               ;
; Number of Inverted Registers Reported in Synthesis Report                       ; 100                ; 100                ;
; Clock MUX Protection                                                            ; On                 ; On                 ;
; Auto Gated Clock Conversion                                                     ; Off                ; Off                ;
; Block Design Naming                                                             ; Auto               ; Auto               ;
; SDC constraint protection                                                       ; Off                ; Off                ;
; Synthesis Effort                                                                ; Auto               ; Auto               ;
; Shift Register Replacement - Allow Asynchronous Clear Signal                    ; On                 ; On                 ;
; Pre-Mapping Resynthesis Optimization                                            ; Off                ; Off                ;
; Analysis & Synthesis Message Level                                              ; Medium             ; Medium             ;
; Disable Register Merging Across Hierarchies                                     ; Auto               ; Auto               ;
; Resource Aware Inference For Block RAM                                          ; On                 ; On                 ;
; Automatic Parallel Synthesis                                                    ; On                 ; On                 ;
; Partial Reconfiguration Bitstream ID                                            ; Off                ; Off                ;
+---------------------------------------------------------------------------------+--------------------+--------------------+


+------------------------------------------+
; Parallel Compilation                     ;
+----------------------------+-------------+
; Processors                 ; Number      ;
+----------------------------+-------------+
; Number detected on machine ; 22          ;
; Maximum allowed            ; 16          ;
;                            ;             ;
; Average used               ; 1.00        ;
; Maximum used               ; 16          ;
;                            ;             ;
; Usage by Processor         ; % Time Used ;
;     Processor 1            ; 100.0%      ;
;     Processor 2            ;   0.0%      ;
;     Processor 3            ;   0.0%      ;
;     Processor 4            ;   0.0%      ;
;     Processors 5-16        ;   0.0%      ;
+----------------------------+-------------+


+---------------------------------------------------------------------------------------------------------------------------------------------------------------------+
; Analysis & Synthesis Source Files Read                                                                                                                              ;
+----------------------------------+-----------------+------------------------+-----------------------------------------------------------------------------+---------+
; File Name with User-Entered Path ; Used in Netlist ; File Type              ; File Name with Absolute Path                                                ; Library ;
+----------------------------------+-----------------+------------------------+-----------------------------------------------------------------------------+---------+
; bus_route.v                      ; yes             ; User Verilog HDL File  ; C:/Documents/Uni/PartA/Applied Engineering/CW2/Quartus/LEDmapV3/bus_route.v ;         ;
+----------------------------------+-----------------+------------------------+-----------------------------------------------------------------------------+---------+


+---------------------------------------------------------------+
; Analysis & Synthesis Resource Usage Summary                   ;
+---------------------------------------------+-----------------+
; Resource                                    ; Usage           ;
+---------------------------------------------+-----------------+
; Estimate of Logic utilization (ALMs needed) ; 3207            ;
;                                             ;                 ;
; Combinational ALUT usage for logic          ; 4433            ;
;     -- 7 input functions                    ; 18              ;
;     -- 6 input functions                    ; 1961            ;
;     -- 5 input functions                    ; 842             ;
;     -- 4 input functions                    ; 675             ;
;     -- <=3 input functions                  ; 937             ;
;                                             ;                 ;
; Dedicated logic registers                   ; 197             ;
;                                             ;                 ;
; I/O pins                                    ; 68              ;
;                                             ;                 ;
; Total DSP Blocks                            ; 0               ;
;                                             ;                 ;
; Maximum fan-out node                        ; b2_path_step[2] ;
; Maximum fan-out                             ; 257             ;
; Total fan-out                               ; 22016           ;
; Average fan-out                             ; 4.62            ;
+---------------------------------------------+-----------------+


+----------------------------------------------------------------------------------------------------------------------------------------------------------------------------------------+
; Analysis & Synthesis Resource Utilization by Entity                                                                                                                                    ;
+----------------------------+---------------------+---------------------------+-------------------+------------+------+--------------+---------------------+-------------+--------------+
; Compilation Hierarchy Node ; Combinational ALUTs ; Dedicated Logic Registers ; Block Memory Bits ; DSP Blocks ; Pins ; Virtual Pins ; Full Hierarchy Name ; Entity Name ; Library Name ;
+----------------------------+---------------------+---------------------------+-------------------+------------+------+--------------+---------------------+-------------+--------------+
; |bus_route                 ; 4433 (4433)         ; 197 (197)                 ; 0                 ; 0          ; 68   ; 0            ; |bus_route          ; bus_route   ; work         ;
+----------------------------+---------------------+---------------------------+-------------------+------------+------+--------------+---------------------+-------------+--------------+
Note: For table entries with two numbers listed, the numbers in parentheses indicate the number of resources of the given type used by the specific entity alone. The numbers listed outside of parentheses indicate the total resources of the given type used by the specific entity and all of its sub-entities in the hierarchy.


Encoding Type:  One-Hot
+----------------------------------------------------------------------------------+
; State Machine - |bus_route|ws_state                                              ;
+---------------------+-------------------+------------------+---------------------+
; Name                ; ws_state.WS_RESET ; ws_state.WS_DONE ; ws_state.WS_SENDBIT ;
+---------------------+-------------------+------------------+---------------------+
; ws_state.WS_RESET   ; 0                 ; 0                ; 0                   ;
; ws_state.WS_SENDBIT ; 1                 ; 0                ; 1                   ;
; ws_state.WS_DONE    ; 1                 ; 1                ; 0                   ;
+---------------------+-------------------+------------------+---------------------+


+---------------------------------------------------------------------------------+
; Registers Removed During Synthesis                                              ;
+----------------------------------------+----------------------------------------+
; Register name                          ; Reason for Removal                     ;
+----------------------------------------+----------------------------------------+
; b2_path_id[6,7]                        ; Stuck at GND due to stuck port data_in ;
; b2_path_len[6,7]                       ; Stuck at GND due to stuck port data_in ;
; b2_path_len[0]                         ; Stuck at VCC due to stuck port data_in ;
; b1_path_id[7]                          ; Merged with b1_path_id[6]              ;
; b1_path_len[6,7]                       ; Merged with b1_path_id[6]              ;
; b0_path_id[7]                          ; Merged with b0_path_id[6]              ;
; b0_path_len[6,7]                       ; Merged with b0_path_id[6]              ;
; b0_path_id[6]                          ; Stuck at GND due to stuck port data_in ;
; b1_path_id[6]                          ; Stuck at GND due to stuck port data_in ;
; b0_path_len[0]                         ; Stuck at VCC due to stuck port data_in ;
; b1_path_len[0]                         ; Stuck at VCC due to stuck port data_in ;
; b1_stop_idx[3]                         ; Stuck at GND due to stuck port data_in ;
; Total Number of Removed Registers = 16 ;                                        ;
+----------------------------------------+----------------------------------------+


+------------------------------------------------------+
; General Register Statistics                          ;
+----------------------------------------------+-------+
; Statistic                                    ; Value ;
+----------------------------------------------+-------+
; Total registers                              ; 197   ;
; Number of registers using Synchronous Clear  ; 84    ;
; Number of registers using Synchronous Load   ; 8     ;
; Number of registers using Asynchronous Clear ; 195   ;
; Number of registers using Asynchronous Load  ; 0     ;
; Number of registers using Clock Enable       ; 121   ;
; Number of registers using Preset             ; 0     ;
+----------------------------------------------+-------+


+---------------------------------------------------+
; Inverted Register Statistics                      ;
+-----------------------------------------+---------+
; Inverted Register                       ; Fan out ;
+-----------------------------------------+---------+
; b0_dwell_tmr[4]                         ; 2       ;
; b0_dwell_tmr[8]                         ; 2       ;
; b0_dwell_tmr[7]                         ; 2       ;
; b0_move_tmr[4]                          ; 5       ;
; b0_move_tmr[2]                          ; 3       ;
; sw_prev[3]                              ; 1       ;
; sw_prev[4]                              ; 1       ;
; sw_prev[0]                              ; 1       ;
; sw_prev[1]                              ; 1       ;
; sw_prev[2]                              ; 1       ;
; b1_move_tmr[4]                          ; 3       ;
; b1_move_tmr[2]                          ; 3       ;
; b1_dwell_tmr[4]                         ; 2       ;
; b1_dwell_tmr[8]                         ; 2       ;
; b1_dwell_tmr[7]                         ; 2       ;
; b2_move_tmr[4]                          ; 5       ;
; b2_move_tmr[2]                          ; 3       ;
; b2_dwell_tmr[4]                         ; 3       ;
; b2_dwell_tmr[8]                         ; 3       ;
; b2_dwell_tmr[7]                         ; 3       ;
; b2_stop_idx[0]                          ; 46      ;
; b2_stop_idx[1]                          ; 47      ;
; b2_stop_idx[2]                          ; 47      ;
; Total number of inverted registers = 23 ;         ;
+-----------------------------------------+---------+


+------------------------------------------------------------------------------------------------------------------------------------------+
; Multiplexer Restructuring Statistics (Restructuring Performed)                                                                           ;
+--------------------+-----------+---------------+----------------------+------------------------+------------+----------------------------+
; Multiplexer Inputs ; Bus Width ; Baseline Area ; Area if Restructured ; Saving if Restructured ; Registered ; Example Multiplexer Output ;
+--------------------+-----------+---------------+----------------------+------------------------+------------+----------------------------+
; 3:1                ; 8 bits    ; 16 LEs        ; 8 LEs                ; 8 LEs                  ; Yes        ; |bus_route|b2_path_step[5] ;
; 3:1                ; 15 bits   ; 30 LEs        ; 0 LEs                ; 30 LEs                 ; Yes        ; |bus_route|b1_path_len[3]  ;
; 3:1                ; 15 bits   ; 30 LEs        ; 0 LEs                ; 30 LEs                 ; Yes        ; |bus_route|b0_path_len[3]  ;
; 4:1                ; 8 bits    ; 16 LEs        ; 8 LEs                ; 8 LEs                  ; Yes        ; |bus_route|b0_path_step[6] ;
; 4:1                ; 8 bits    ; 16 LEs        ; 8 LEs                ; 8 LEs                  ; Yes        ; |bus_route|b1_path_step[6] ;
; 5:1                ; 7 bits    ; 21 LEs        ; 14 LEs               ; 7 LEs                  ; Yes        ; |bus_route|b2_dwell_tmr[9] ;
; 5:1                ; 4 bits    ; 12 LEs        ; 8 LEs                ; 4 LEs                  ; Yes        ; |bus_route|b2_move_tmr[1]  ;
; 6:1                ; 7 bits    ; 28 LEs        ; 14 LEs               ; 14 LEs                 ; Yes        ; |bus_route|b0_dwell_tmr[9] ;
; 6:1                ; 7 bits    ; 28 LEs        ; 14 LEs               ; 14 LEs                 ; Yes        ; |bus_route|b1_dwell_tmr[3] ;
; 5:1                ; 8 bits    ; 24 LEs        ; 0 LEs                ; 24 LEs                 ; Yes        ; |bus_route|ws_led[3]       ;
; 6:1                ; 4 bits    ; 16 LEs        ; 8 LEs                ; 8 LEs                  ; Yes        ; |bus_route|b0_move_tmr[5]  ;
; 6:1                ; 4 bits    ; 16 LEs        ; 8 LEs                ; 8 LEs                  ; Yes        ; |bus_route|b1_move_tmr[3]  ;
; 6:1                ; 5 bits    ; 20 LEs        ; 10 LEs               ; 10 LEs                 ; Yes        ; |bus_route|ws_bit[0]       ;
; 5:1                ; 3 bits    ; 9 LEs         ; 6 LEs                ; 3 LEs                  ; Yes        ; |bus_route|b2_dwell_tmr[7] ;
; 5:1                ; 2 bits    ; 6 LEs         ; 4 LEs                ; 2 LEs                  ; Yes        ; |bus_route|b2_move_tmr[4]  ;
; 6:1                ; 3 bits    ; 12 LEs        ; 6 LEs                ; 6 LEs                  ; Yes        ; |bus_route|b0_dwell_tmr[4] ;
; 6:1                ; 3 bits    ; 12 LEs        ; 6 LEs                ; 6 LEs                  ; Yes        ; |bus_route|b1_dwell_tmr[8] ;
; 6:1                ; 2 bits    ; 8 LEs         ; 4 LEs                ; 4 LEs                  ; Yes        ; |bus_route|b0_move_tmr[4]  ;
; 6:1                ; 2 bits    ; 8 LEs         ; 4 LEs                ; 4 LEs                  ; Yes        ; |bus_route|b1_move_tmr[4]  ;
+--------------------+-----------+---------------+----------------------+------------------------+------------+----------------------------+


+-----------------------------------------------------+
; Post-Synthesis Netlist Statistics for Top Partition ;
+-----------------------+-----------------------------+
; Type                  ; Count                       ;
+-----------------------+-----------------------------+
; arriav_ff             ; 197                         ;
;     CLR               ; 43                          ;
;     CLR SCLR          ; 31                          ;
;     ENA CLR           ; 60                          ;
;     ENA CLR SCLR      ; 53                          ;
;     ENA CLR SLD       ; 8                           ;
;     plain             ; 2                           ;
; arriav_lcell_comb     ; 4436                        ;
;     arith             ; 109                         ;
;         1 data inputs ; 109                         ;
;     extend            ; 18                          ;
;         7 data inputs ; 18                          ;
;     normal            ; 4309                        ;
;         0 data inputs ; 2                           ;
;         1 data inputs ; 4                           ;
;         2 data inputs ; 359                         ;
;         3 data inputs ; 466                         ;
;         4 data inputs ; 675                         ;
;         5 data inputs ; 842                         ;
;         6 data inputs ; 1961                        ;
; boundary_port         ; 68                          ;
;                       ;                             ;
; Max LUT depth         ; 14.00                       ;
; Average LUT depth     ; 12.03                       ;
+-----------------------+-----------------------------+


+-------------------------------+
; Elapsed Time Per Partition    ;
+----------------+--------------+
; Partition Name ; Elapsed Time ;
+----------------+--------------+
; Top            ; 00:00:25     ;
+----------------+--------------+


+-------------------------------+
; Analysis & Synthesis Messages ;
+-------------------------------+
Info: *******************************************************************
Info: Running Quartus Prime Analysis & Synthesis
    Info: Version 25.1std.0 Build 1129 10/21/2025 SC Lite Edition
    Info: Processing started: Wed Mar 18 00:59:43 2026
Info: Command: quartus_map --read_settings_files=on --write_settings_files=off map -c map
Warning (18236): Number of processors has not been specified which may cause overloading on shared machines.  Set the global assignment NUM_PARALLEL_PROCESSORS in your QSF to an appropriate value for best performance.
Info (20030): Parallel compilation is enabled and will use 16 of the 16 processors detected
Info (12021): Found 1 design units, including 1 entities, in source file bus_route.v
    Info (12023): Found entity 1: bus_route File: C:/Documents/Uni/PartA/Applied Engineering/CW2/Quartus/LEDmapV3/bus_route.v Line: 9
Info (12127): Elaborating entity "bus_route" for the top level hierarchy
Info (10264): Verilog HDL Case Statement information at bus_route.v(1750): all case item expressions in this case statement are onehot File: C:/Documents/Uni/PartA/Applied Engineering/CW2/Quartus/LEDmapV3/bus_route.v Line: 1750
Warning (10230): Verilog HDL assignment warning at bus_route.v(1841): truncated value with size 32 to match size of target (16) File: C:/Documents/Uni/PartA/Applied Engineering/CW2/Quartus/LEDmapV3/bus_route.v Line: 1841
Warning (10230): Verilog HDL assignment warning at bus_route.v(1847): truncated value with size 32 to match size of target (16) File: C:/Documents/Uni/PartA/Applied Engineering/CW2/Quartus/LEDmapV3/bus_route.v Line: 1847
Warning (10230): Verilog HDL assignment warning at bus_route.v(1852): truncated value with size 32 to match size of target (8) File: C:/Documents/Uni/PartA/Applied Engineering/CW2/Quartus/LEDmapV3/bus_route.v Line: 1852
Warning (10230): Verilog HDL assignment warning at bus_route.v(1853): truncated value with size 32 to match size of target (5) File: C:/Documents/Uni/PartA/Applied Engineering/CW2/Quartus/LEDmapV3/bus_route.v Line: 1853
Warning (10230): Verilog HDL assignment warning at bus_route.v(1854): truncated value with size 32 to match size of target (16) File: C:/Documents/Uni/PartA/Applied Engineering/CW2/Quartus/LEDmapV3/bus_route.v Line: 1854
Info (276014): Found 15 instances of uninferred RAM logic
    Info (276004): RAM logic "Ram0" is uninferred due to inappropriate RAM size File: C:/Documents/Uni/PartA/Applied Engineering/CW2/Quartus/LEDmapV3/bus_route.v Line: 1689
    Info (276004): RAM logic "Ram1" is uninferred due to inappropriate RAM size File: C:/Documents/Uni/PartA/Applied Engineering/CW2/Quartus/LEDmapV3/bus_route.v Line: 1689
    Info (276004): RAM logic "Ram2" is uninferred due to inappropriate RAM size File: C:/Documents/Uni/PartA/Applied Engineering/CW2/Quartus/LEDmapV3/bus_route.v Line: 1689
    Info (276004): RAM logic "Ram3" is uninferred due to inappropriate RAM size File: C:/Documents/Uni/PartA/Applied Engineering/CW2/Quartus/LEDmapV3/bus_route.v Line: 1689
    Info (276004): RAM logic "Ram4" is uninferred due to inappropriate RAM size File: C:/Documents/Uni/PartA/Applied Engineering/CW2/Quartus/LEDmapV3/bus_route.v Line: 1689
    Info (276004): RAM logic "Ram5" is uninferred due to inappropriate RAM size File: C:/Documents/Uni/PartA/Applied Engineering/CW2/Quartus/LEDmapV3/bus_route.v Line: 1689
    Info (276004): RAM logic "Ram6" is uninferred due to inappropriate RAM size File: C:/Documents/Uni/PartA/Applied Engineering/CW2/Quartus/LEDmapV3/bus_route.v Line: 1689
    Info (276004): RAM logic "Ram7" is uninferred due to inappropriate RAM size File: C:/Documents/Uni/PartA/Applied Engineering/CW2/Quartus/LEDmapV3/bus_route.v Line: 1689
    Info (276004): RAM logic "Ram8" is uninferred due to inappropriate RAM size File: C:/Documents/Uni/PartA/Applied Engineering/CW2/Quartus/LEDmapV3/bus_route.v Line: 1689
    Info (276004): RAM logic "Ram9" is uninferred due to inappropriate RAM size File: C:/Documents/Uni/PartA/Applied Engineering/CW2/Quartus/LEDmapV3/bus_route.v Line: 1689
    Info (276004): RAM logic "Ram10" is uninferred due to inappropriate RAM size File: C:/Documents/Uni/PartA/Applied Engineering/CW2/Quartus/LEDmapV3/bus_route.v Line: 1689
    Info (276004): RAM logic "Ram11" is uninferred due to inappropriate RAM size File: C:/Documents/Uni/PartA/Applied Engineering/CW2/Quartus/LEDmapV3/bus_route.v Line: 1689
    Info (276004): RAM logic "Ram12" is uninferred due to inappropriate RAM size File: C:/Documents/Uni/PartA/Applied Engineering/CW2/Quartus/LEDmapV3/bus_route.v Line: 1689
    Info (276004): RAM logic "Ram13" is uninferred due to inappropriate RAM size File: C:/Documents/Uni/PartA/Applied Engineering/CW2/Quartus/LEDmapV3/bus_route.v Line: 1689
    Info (276004): RAM logic "Ram14" is uninferred due to inappropriate RAM size File: C:/Documents/Uni/PartA/Applied Engineering/CW2/Quartus/LEDmapV3/bus_route.v Line: 1689
Warning (13024): Output pins are stuck at VCC or GND
    Warning (13410): Pin "LEDR[6]" is stuck at GND File: C:/Documents/Uni/PartA/Applied Engineering/CW2/Quartus/LEDmapV3/bus_route.v Line: 13
    Warning (13410): Pin "HEX0[0]" is stuck at VCC File: C:/Documents/Uni/PartA/Applied Engineering/CW2/Quartus/LEDmapV3/bus_route.v Line: 14
    Warning (13410): Pin "HEX0[1]" is stuck at VCC File: C:/Documents/Uni/PartA/Applied Engineering/CW2/Quartus/LEDmapV3/bus_route.v Line: 14
    Warning (13410): Pin "HEX0[2]" is stuck at VCC File: C:/Documents/Uni/PartA/Applied Engineering/CW2/Quartus/LEDmapV3/bus_route.v Line: 14
    Warning (13410): Pin "HEX0[3]" is stuck at VCC File: C:/Documents/Uni/PartA/Applied Engineering/CW2/Quartus/LEDmapV3/bus_route.v Line: 14
    Warning (13410): Pin "HEX0[4]" is stuck at VCC File: C:/Documents/Uni/PartA/Applied Engineering/CW2/Quartus/LEDmapV3/bus_route.v Line: 14
    Warning (13410): Pin "HEX0[5]" is stuck at VCC File: C:/Documents/Uni/PartA/Applied Engineering/CW2/Quartus/LEDmapV3/bus_route.v Line: 14
    Warning (13410): Pin "HEX0[6]" is stuck at VCC File: C:/Documents/Uni/PartA/Applied Engineering/CW2/Quartus/LEDmapV3/bus_route.v Line: 14
    Warning (13410): Pin "HEX1[0]" is stuck at VCC File: C:/Documents/Uni/PartA/Applied Engineering/CW2/Quartus/LEDmapV3/bus_route.v Line: 14
    Warning (13410): Pin "HEX1[1]" is stuck at VCC File: C:/Documents/Uni/PartA/Applied Engineering/CW2/Quartus/LEDmapV3/bus_route.v Line: 14
    Warning (13410): Pin "HEX1[2]" is stuck at VCC File: C:/Documents/Uni/PartA/Applied Engineering/CW2/Quartus/LEDmapV3/bus_route.v Line: 14
    Warning (13410): Pin "HEX1[3]" is stuck at VCC File: C:/Documents/Uni/PartA/Applied Engineering/CW2/Quartus/LEDmapV3/bus_route.v Line: 14
    Warning (13410): Pin "HEX1[4]" is stuck at VCC File: C:/Documents/Uni/PartA/Applied Engineering/CW2/Quartus/LEDmapV3/bus_route.v Line: 14
    Warning (13410): Pin "HEX1[5]" is stuck at VCC File: C:/Documents/Uni/PartA/Applied Engineering/CW2/Quartus/LEDmapV3/bus_route.v Line: 14
    Warning (13410): Pin "HEX1[6]" is stuck at VCC File: C:/Documents/Uni/PartA/Applied Engineering/CW2/Quartus/LEDmapV3/bus_route.v Line: 14
    Warning (13410): Pin "HEX2[0]" is stuck at VCC File: C:/Documents/Uni/PartA/Applied Engineering/CW2/Quartus/LEDmapV3/bus_route.v Line: 14
    Warning (13410): Pin "HEX2[1]" is stuck at VCC File: C:/Documents/Uni/PartA/Applied Engineering/CW2/Quartus/LEDmapV3/bus_route.v Line: 14
    Warning (13410): Pin "HEX2[2]" is stuck at VCC File: C:/Documents/Uni/PartA/Applied Engineering/CW2/Quartus/LEDmapV3/bus_route.v Line: 14
    Warning (13410): Pin "HEX2[3]" is stuck at VCC File: C:/Documents/Uni/PartA/Applied Engineering/CW2/Quartus/LEDmapV3/bus_route.v Line: 14
    Warning (13410): Pin "HEX2[4]" is stuck at VCC File: C:/Documents/Uni/PartA/Applied Engineering/CW2/Quartus/LEDmapV3/bus_route.v Line: 14
    Warning (13410): Pin "HEX2[5]" is stuck at VCC File: C:/Documents/Uni/PartA/Applied Engineering/CW2/Quartus/LEDmapV3/bus_route.v Line: 14
    Warning (13410): Pin "HEX2[6]" is stuck at VCC File: C:/Documents/Uni/PartA/Applied Engineering/CW2/Quartus/LEDmapV3/bus_route.v Line: 14
    Warning (13410): Pin "HEX3[0]" is stuck at VCC File: C:/Documents/Uni/PartA/Applied Engineering/CW2/Quartus/LEDmapV3/bus_route.v Line: 14
    Warning (13410): Pin "HEX3[1]" is stuck at VCC File: C:/Documents/Uni/PartA/Applied Engineering/CW2/Quartus/LEDmapV3/bus_route.v Line: 14
    Warning (13410): Pin "HEX3[2]" is stuck at VCC File: C:/Documents/Uni/PartA/Applied Engineering/CW2/Quartus/LEDmapV3/bus_route.v Line: 14
    Warning (13410): Pin "HEX3[3]" is stuck at VCC File: C:/Documents/Uni/PartA/Applied Engineering/CW2/Quartus/LEDmapV3/bus_route.v Line: 14
    Warning (13410): Pin "HEX3[4]" is stuck at VCC File: C:/Documents/Uni/PartA/Applied Engineering/CW2/Quartus/LEDmapV3/bus_route.v Line: 14
    Warning (13410): Pin "HEX3[5]" is stuck at VCC File: C:/Documents/Uni/PartA/Applied Engineering/CW2/Quartus/LEDmapV3/bus_route.v Line: 14
    Warning (13410): Pin "HEX3[6]" is stuck at VCC File: C:/Documents/Uni/PartA/Applied Engineering/CW2/Quartus/LEDmapV3/bus_route.v Line: 14
    Warning (13410): Pin "HEX4[0]" is stuck at VCC File: C:/Documents/Uni/PartA/Applied Engineering/CW2/Quartus/LEDmapV3/bus_route.v Line: 14
    Warning (13410): Pin "HEX4[1]" is stuck at VCC File: C:/Documents/Uni/PartA/Applied Engineering/CW2/Quartus/LEDmapV3/bus_route.v Line: 14
    Warning (13410): Pin "HEX4[2]" is stuck at VCC File: C:/Documents/Uni/PartA/Applied Engineering/CW2/Quartus/LEDmapV3/bus_route.v Line: 14
    Warning (13410): Pin "HEX4[3]" is stuck at VCC File: C:/Documents/Uni/PartA/Applied Engineering/CW2/Quartus/LEDmapV3/bus_route.v Line: 14
    Warning (13410): Pin "HEX4[4]" is stuck at VCC File: C:/Documents/Uni/PartA/Applied Engineering/CW2/Quartus/LEDmapV3/bus_route.v Line: 14
    Warning (13410): Pin "HEX4[5]" is stuck at VCC File: C:/Documents/Uni/PartA/Applied Engineering/CW2/Quartus/LEDmapV3/bus_route.v Line: 14
    Warning (13410): Pin "HEX4[6]" is stuck at VCC File: C:/Documents/Uni/PartA/Applied Engineering/CW2/Quartus/LEDmapV3/bus_route.v Line: 14
    Warning (13410): Pin "HEX5[0]" is stuck at VCC File: C:/Documents/Uni/PartA/Applied Engineering/CW2/Quartus/LEDmapV3/bus_route.v Line: 14
    Warning (13410): Pin "HEX5[1]" is stuck at VCC File: C:/Documents/Uni/PartA/Applied Engineering/CW2/Quartus/LEDmapV3/bus_route.v Line: 14
    Warning (13410): Pin "HEX5[2]" is stuck at VCC File: C:/Documents/Uni/PartA/Applied Engineering/CW2/Quartus/LEDmapV3/bus_route.v Line: 14
    Warning (13410): Pin "HEX5[3]" is stuck at VCC File: C:/Documents/Uni/PartA/Applied Engineering/CW2/Quartus/LEDmapV3/bus_route.v Line: 14
    Warning (13410): Pin "HEX5[4]" is stuck at VCC File: C:/Documents/Uni/PartA/Applied Engineering/CW2/Quartus/LEDmapV3/bus_route.v Line: 14
    Warning (13410): Pin "HEX5[5]" is stuck at VCC File: C:/Documents/Uni/PartA/Applied Engineering/CW2/Quartus/LEDmapV3/bus_route.v Line: 14
    Warning (13410): Pin "HEX5[6]" is stuck at VCC File: C:/Documents/Uni/PartA/Applied Engineering/CW2/Quartus/LEDmapV3/bus_route.v Line: 14
Info (286030): Timing-Driven Synthesis is running
Info (16010): Generating hard_block partition "hard_block:auto_generated_inst"
    Info (16011): Adding 0 node(s), including 0 DDIO, 0 PLL, 0 transceiver and 0 LCELL
Warning (21074): Design contains 7 input pin(s) that do not drive logic
    Warning (15610): No output dependent on input pin "KEY[1]" File: C:/Documents/Uni/PartA/Applied Engineering/CW2/Quartus/LEDmapV3/bus_route.v Line: 11
    Warning (15610): No output dependent on input pin "KEY[2]" File: C:/Documents/Uni/PartA/Applied Engineering/CW2/Quartus/LEDmapV3/bus_route.v Line: 11
    Warning (15610): No output dependent on input pin "KEY[3]" File: C:/Documents/Uni/PartA/Applied Engineering/CW2/Quartus/LEDmapV3/bus_route.v Line: 11
    Warning (15610): No output dependent on input pin "SW[5]" File: C:/Documents/Uni/PartA/Applied Engineering/CW2/Quartus/LEDmapV3/bus_route.v Line: 12
    Warning (15610): No output dependent on input pin "SW[6]" File: C:/Documents/Uni/PartA/Applied Engineering/CW2/Quartus/LEDmapV3/bus_route.v Line: 12
    Warning (15610): No output dependent on input pin "SW[7]" File: C:/Documents/Uni/PartA/Applied Engineering/CW2/Quartus/LEDmapV3/bus_route.v Line: 12
    Warning (15610): No output dependent on input pin "SW[8]" File: C:/Documents/Uni/PartA/Applied Engineering/CW2/Quartus/LEDmapV3/bus_route.v Line: 12
Info (21057): Implemented 4549 device resources after synthesis - the final resource count might be different
    Info (21058): Implemented 15 input pins
    Info (21059): Implemented 53 output pins
    Info (21061): Implemented 4481 logic cells
Info: Quartus Prime Analysis & Synthesis was successful. 0 errors, 58 warnings
    Info: Peak virtual memory: 5000 megabytes
    Info: Processing ended: Wed Mar 18 01:00:16 2026
    Info: Elapsed time: 00:00:33
    Info: Total CPU time (on all processors): 00:00:39


